2025-11-10 17:49:37: [10/11/2025, 5:49:37 p. m.] Servidor activo en puerto 4001
2025-11-10 17:49:38: [10/11/2025, 5:49:38 p. m.] Servidor activo en puerto 4001
2025-11-10 17:57:36: [10/11/2025, 5:57:36 p. m.] Servidor activo en puerto 4001
2025-11-10 17:57:49: [10/11/2025, 5:57:49 p. m.] Cliente desconectado: OSzijN74D2lYWMIMAAAD
2025-11-10 17:58:46: [10/11/2025, 5:58:46 p. m.] 📨 Evento recibido desde Laravel: notifyTaskCreated
2025-11-10 17:58:46: 👥 Usuarios a notificar: 106, 105
2025-11-10 17:58:47: [10/11/2025, 5:58:47 p. m.] Cliente desconectado: ywswxm84MB4QdosHAAAF
2025-11-10 18:03:50: [10/11/2025, 6:03:50 p. m.] Servidor activo en puerto 4001
2025-11-12 16:27:55: [12/11/2025, 4:27:55 p. m.] Servidor activo en puerto 4001
2025-11-12 16:34:30: [12/11/2025, 4:34:30 p. m.] Cliente desconectado: M-ln2ccKHH3Y8FA3AAAB
2025-11-12 16:37:12: [12/11/2025, 4:37:12 p. m.] Cliente desconectado: i4M6NYbR0n8nOIylAAAF
2025-11-12 16:37:38: [12/11/2025, 4:37:38 p. m.] 📨 Evento recibido desde Laravel: notifyTaskCreated
2025-11-12 16:37:38: 👥 Usuarios a notificar: 71, 19
2025-11-12 16:37:39: [12/11/2025, 4:37:39 p. m.] Cliente desconectado: pFTTyVvXuRoUZTMSAAAH
2025-11-12 16:55:26: [12/11/2025, 4:55:26 p. m.] Cliente desconectado: iZTkPXDdhT6bFe5BAAAD
2025-11-12 16:55:26: [12/11/2025, 4:55:26 p. m.] Cliente desconectado: YCvNoWlofj21uW7HAAAJ
2025-11-12 16:55:52: [12/11/2025, 4:55:52 p. m.] Cliente desconectado: ITWiAo65YD_rRkC5AAAL
2025-11-12 16:55:52: [12/11/2025, 4:55:52 p. m.] Cliente desconectado: FfukQrzeft_hNS1cAAAN
2025-11-12 17:00:02: [12/11/2025, 5:00:02 p. m.] Servidor activo en puerto 4001
2025-11-12 17:00:09: [12/11/2025, 5:00:09 p. m.] Cliente desconectado: wweRMpbpojN6zo5-AAAB
2025-11-12 17:00:22: [12/11/2025, 5:00:22 p. m.] Cliente desconectado: sUhiIVwkGkXd7YbeAAAF
2025-11-12 17:01:04: [12/11/2025, 5:01:04 p. m.] 📨 Evento recibido desde Laravel: notifyTaskCreated
2025-11-12 17:01:04: 👥 Usuarios a notificar: 104, 71
2025-11-12 17:01:04: Evento notifyTaskCreated procesado correctamente
2025-11-12 17:01:04: [12/11/2025, 5:01:04 p. m.] Cliente desconectado: pni8xnYtXp_B7DD0AAAH
2025-11-13 09:02:43: [13/11/2025, 9:02:43 a. m.] Servidor activo en puerto 4001
